<?xml version="1.0" encoding="UTF-8"?>
<!-- Generated by org.testng.reporters.JUnitXMLReporter -->
<testsuite ignored="2" hostname="DESKTOP-E0D0PPJ" failures="0" tests="2" name="Test" time="18.806" errors="0" timestamp="2025-01-28T12:00:05 IST">
  <testcase classname="com.qspider.book.TC_DWS_001_Test" name="clickOnBooks" time="1.21"/>
  <testcase classname="com.qspiders.computers.TC_DWS_010_Test" name="clickOnComputres" time="0.94"/>
  <testcase classname="com.qspiders.genericutility.BaseClass" name="@AfterSuite reportBackup" time="0.0">
    <ignored/>
  </testcase> <!-- @AfterSuite reportBackup -->
  <testcase classname="com.qspiders.genericutility.BaseClass" name="@BeforeSuite configReport" time="0.0">
    <ignored/>
  </testcase> <!-- @BeforeSuite configReport -->
</testsuite> <!-- Test -->
